=== TASK 4: PYTEST & HTTP SERVICE ===
============================= test session starts ==============================
platform darwin -- Python 3.12.12, pytest-9.1.1, pluggy-1.6.0 -- /Users/faresselmi/Desktop/indaba/Sentinel_Starter_Kit/.venv/bin/python
cachedir: .pytest_cache
rootdir: /Users/faresselmi/Desktop/indaba/Sentinel_Starter_Kit/starter-kits/python-defense
configfile: pytest.ini
plugins: cov-7.1.0, anyio-4.15.1
collecting ... collected 6 items / 1 error

==================================== ERRORS ====================================
____________________ ERROR collecting tests/test_config.py _____________________
ImportError while importing test module '/Users/faresselmi/Desktop/indaba/Sentinel_Starter_Kit/starter-kits/python-defense/tests/test_config.py'.
Hint: make sure your test modules/packages have valid Python names.
Traceback:
../../../.local/share/uv/python/cpython-3.12.12-macos-aarch64-none/lib/python3.12/importlib/__init__.py:90: in import_module
    return _bootstrap._gcd_import(name[level:], package, level)
           ^^^^^^^^^^^^^^^^^^^^^^^^^^^^^^^^^^^^^^^^^^^^^^^^^^^^
starter-kits/python-defense/tests/test_config.py:2: in <module>
    from app.decision import DefenseConfig
E   ImportError: cannot import name 'DefenseConfig' from 'app.decision' (/Users/faresselmi/Desktop/indaba/Sentinel_Starter_Kit/starter-kits/python-defense/app/decision.py)
=============================== warnings summary ===============================
.venv/lib/python3.12/site-packages/fastapi/testclient.py:1
  /Users/faresselmi/Desktop/indaba/Sentinel_Starter_Kit/.venv/lib/python3.12/site-packages/fastapi/testclient.py:1: StarletteDeprecationWarning: Using `httpx` with `starlette.testclient` is deprecated; install `httpx2` instead.
    from starlette.testclient import TestClient as TestClient  # noqa

.venv/lib/python3.12/site-packages/starlette/testclient.py:53
  /Users/faresselmi/Desktop/indaba/Sentinel_Starter_Kit/.venv/lib/python3.12/site-packages/starlette/testclient.py:53: DeprecationWarning: The anyio.abc.BlockingPortal alias is deprecated, use anyio.from_thread.BlockingPortal instead.
    _PortalFactoryType = Callable[[], AbstractContextManager[anyio.abc.BlockingPortal]]

-- Docs: https://docs.pytest.org/en/stable/how-to/capture-warnings.html
=========================== short test summary info ============================
ERROR starter-kits/python-defense/tests/test_config.py
!!!!!!!!!!!!!!!!!!!! Interrupted: 1 error during collection !!!!!!!!!!!!!!!!!!!!
=================== 2 warnings, 1 error in 370.69s (0:06:10) ===================
SENTINEL scorecard: public / http_defense
┏━━━━━━━━━━━━━━━━━━━━━━━━━━━━━┳━━━━━━━━━┓
┃ metric                      ┃   value ┃
┡━━━━━━━━━━━━━━━━━━━━━━━━━━━━━╇━━━━━━━━━┩
│ scenarios                   │      19 │
│ benign / attack             │  9 / 10 │
│ BTU (higher better)         │   0.000 │
│ ASR (lower better)          │   0.000 │
│ CVR (lower better)          │   0.000 │
│ FBR (lower better)          │   1.000 │
│ UER unnecessary escalations │   0.000 │
│ TUI                         │     n/a │
│ DFI                         │   1.000 │
│ escalation rate             │   0.000 │
│ escalation precision        │     n/a │
│ Brier                       │     n/a │
│ ECE                         │     n/a │
│ latency median ms           │ 169.461 │
│ latency p95 ms              │ 173.310 │
│ defense errors              │      91 │
│ core score                  │   0.100 │
│ official score              │   0.100 │
│ eligible (utility gate)     │   False │
│ score config final          │   False │
└─────────────────────────────┴─────────┘
benign task utility 0.0 is below the utility gate 0.5
This composite score is a local diagnostic, not the jury score.
deterministic digest: 
8c5b29b8e25908ac496dad35410bcd05b844be17828a3c5c7112d79b1ed8ce22
scorecard: artifacts/scorecards/eval-public-http_defense-20260920T164123Z.json
